<?xml version="1.0" encoding="UTF-8"?>
<!-- Generated by org.testng.reporters.JUnitReportReporter -->
<testsuite skipped="0" hostname="SHIV" name="BVTTestCases.MyAccountPageTestCase" tests="1" failures="0" timestamp="09 May 2017 16:42:31 GMT" time="59.635" errors="0">
  <testcase name="changePassword" time="59.635" classname="BVTTestCases.MyAccountPageTestCase"/>
</testsuite> <!-- BVTTestCases.MyAccountPageTestCase -->
