<?xml version="1.0" encoding="UTF-8"?>
<!-- Generated by org.testng.reporters.JUnitReportReporter -->
<testsuite skipped="0" hostname="DESKTOP-5LJLDAG" name="BVTTestCases.HomePageTestCases" tests="1" failures="0" timestamp="04 May 2017 23:08:23 GMT" time="0.095" errors="0">
  <testcase name="tc" time="0.095" classname="BVTTestCases.HomePageTestCases"/>
</testsuite> <!-- BVTTestCases.HomePageTestCases -->
