<?xml version="1.0" encoding="UTF-8"?>
<!-- Generated by org.testng.reporters.JUnitReportReporter -->
<testsuite skipped="0" hostname="DESKTOP-5LJLDAG" name="BVTTestCases.HomePageTestCases" tests="1" failures="0" timestamp="26 Apr 2017 22:55:01 GMT" time="0.043" errors="0">
  <testcase name="tc" time="0.043" classname="BVTTestCases.HomePageTestCases"/>
</testsuite> <!-- BVTTestCases.HomePageTestCases -->
