<?xml version="1.0" encoding="UTF-8"?>
<!-- Generated by org.testng.reporters.JUnitReportReporter -->
<testsuite name="BVTTestCases.MyAccountPageTestCase" tests="1" time="55.468" ignored="0" failures="0" timestamp="22 May 2017 17:46:59 GMT" skipped="0" hostname="SHIV" errors="0">
  <testcase name="changePassword" time="55.468" classname="BVTTestCases.MyAccountPageTestCase"/>
</testsuite> <!-- BVTTestCases.MyAccountPageTestCase -->
