<?xml version="1.0" encoding="UTF-8"?>
<!-- Generated by org.testng.reporters.JUnitReportReporter -->
<testsuite name="BVTTestCases.HomePageTestCases" tests="1" time="25.577" ignored="2" failures="0" timestamp="05 Aug 2017 13:01:29 GMT" skipped="0" hostname="SHIV" errors="0">
  <testcase name="myAccountLinksText" time="25.577" classname="BVTTestCases.HomePageTestCases"/>
  <testcase name="loginUser" classname="BVTTestCases.HomePageTestCases">
    <skipped/>
  </testcase> <!-- loginUser -->
  <testcase name="trackOrder" classname="BVTTestCases.HomePageTestCases">
    <skipped/>
  </testcase> <!-- trackOrder -->
</testsuite> <!-- BVTTestCases.HomePageTestCases -->
