<?xml version="1.0" encoding="UTF-8"?>
<!-- Generated by org.testng.reporters.JUnitReportReporter -->
<testsuite skipped="2" hostname="SHIV" name="BVTTestCases.HomePageTestCases" tests="3" failures="0" timestamp="09 May 2017 15:49:12 GMT" time="159.270" errors="0">
  <testcase name="loginUser" time="159.270" classname="BVTTestCases.HomePageTestCases"/>
  <testcase name="trackOrder" classname="BVTTestCases.HomePageTestCases">
    <skipped/>
  </testcase> <!-- trackOrder -->
  <testcase name="myAccountLinks" classname="BVTTestCases.HomePageTestCases">
    <skipped/>
  </testcase> <!-- myAccountLinks -->
</testsuite> <!-- BVTTestCases.HomePageTestCases -->
