<?xml version="1.0" encoding="UTF-8"?>
<!-- Generated by org.testng.reporters.JUnitReportReporter -->
<testsuite skipped="0" hostname="SHIV" name="BVTTestCases.MyAccountPageTestCase" tests="1" failures="0" timestamp="08 May 2017 17:06:08 GMT" time="70.493" errors="0">
  <testcase name="changePassword" time="70.493" classname="BVTTestCases.MyAccountPageTestCase"/>
</testsuite> <!-- BVTTestCases.MyAccountPageTestCase -->
